<?xml version="1.0" encoding="UTF-8"?>
<!-- Generated by org.testng.reporters.JUnitXMLReporter -->
<testsuite hostname="dell-PC" ignored="0" name="Command line test" tests="6" failures="0" timestamp="06 May 2020 17:45:17 GMT" time="80.812" errors="0">
  <testcase name="liginTest" time="3.038" classname="com.hrm.qa.tests.LoginPageTest"/>
  <testcase name="validateLogoTest" time="0.077" classname="com.hrm.qa.tests.LoginPageTest"/>
  <testcase name="validateTittleTest" time="0.007" classname="com.hrm.qa.tests.LoginPageTest"/>
  <testcase name="validatefooterLinkTest" time="0.045" classname="com.hrm.qa.tests.LoginPageTest"/>
  <testcase name="verifyAddEmployeeTest" time="2.33" classname="com.hrm.qa.tests.pimAddEmpolyeeTest"/>
  <testcase name="verifyAdminPageTittleTest" time="0.011" classname="com.hrm.qa.tests.AdminPageTest"/>
</testsuite> <!-- Command line test -->
