<?xml version="1.0" encoding="UTF-8"?>
<testng-results skipped="0" failed="0" ignored="0" total="6" passed="6">
  <reporter-output>
  </reporter-output>
  <suite name="Command line suite" duration-ms="80812" started-at="2020-05-06T17:43:56Z" finished-at="2020-05-06T17:45:17Z">
    <groups>
    </groups>
    <test name="Command line test" duration-ms="80812" started-at="2020-05-06T17:43:56Z" finished-at="2020-05-06T17:45:17Z">
      <class name="com.hrm.qa.tests.pimAddEmpolyeeTest">
        <test-method status="PASS" signature="setup()[pri:0, instance:com.hrm.qa.tests.pimAddEmpolyeeTest@6615435c]" name="setup" is-config="true" duration-ms="17487" started-at="2020-05-06T17:44:43Z" finished-at="2020-05-06T17:45:01Z">
          <reporter-output>
          </reporter-output>
        </test-method> <!-- setup -->
        <test-method status="PASS" signature="verifyAddEmployeeTest()[pri:0, instance:com.hrm.qa.tests.pimAddEmpolyeeTest@6615435c]" name="verifyAddEmployeeTest" duration-ms="2330" started-at="2020-05-06T17:45:01Z" finished-at="2020-05-06T17:45:03Z">
          <reporter-output>
          </reporter-output>
        </test-method> <!-- verifyAddEmployeeTest -->
        <test-method status="PASS" signature="tearDown()[pri:0, instance:com.hrm.qa.tests.pimAddEmpolyeeTest@6615435c]" name="tearDown" is-config="true" duration-ms="613" started-at="2020-05-06T17:45:03Z" finished-at="2020-05-06T17:45:04Z">
          <reporter-output>
          </reporter-output>
        </test-method> <!-- tearDown -->
      </class> <!-- com.hrm.qa.tests.pimAddEmpolyeeTest -->
      <class name="com.hrm.qa.tests.AdminPageTest">
        <test-method status="PASS" signature="setup()[pri:0, instance:com.hrm.qa.tests.AdminPageTest@15975490]" name="setup" is-config="true" duration-ms="12805" started-at="2020-05-06T17:45:04Z" finished-at="2020-05-06T17:45:16Z">
          <reporter-output>
          </reporter-output>
        </test-method> <!-- setup -->
        <test-method status="PASS" signature="verifyAdminPageTittleTest()[pri:1, instance:com.hrm.qa.tests.AdminPageTest@15975490]" name="verifyAdminPageTittleTest" duration-ms="11" started-at="2020-05-06T17:45:16Z" finished-at="2020-05-06T17:45:16Z">
          <reporter-output>
          </reporter-output>
        </test-method> <!-- verifyAdminPageTittleTest -->
        <test-method status="PASS" signature="tearDown()[pri:0, instance:com.hrm.qa.tests.AdminPageTest@15975490]" name="tearDown" is-config="true" duration-ms="632" started-at="2020-05-06T17:45:16Z" finished-at="2020-05-06T17:45:17Z">
          <reporter-output>
          </reporter-output>
        </test-method> <!-- tearDown -->
      </class> <!-- com.hrm.qa.tests.AdminPageTest -->
      <class name="com.hrm.qa.tests.LoginPageTest">
        <test-method status="PASS" signature="setup()[pri:0, instance:com.hrm.qa.tests.LoginPageTest@1936f0f5]" name="setup" is-config="true" duration-ms="13989" started-at="2020-05-06T17:43:56Z" finished-at="2020-05-06T17:44:10Z">
          <reporter-output>
          </reporter-output>
        </test-method> <!-- setup -->
        <test-method status="PASS" signature="liginTest()[pri:0, instance:com.hrm.qa.tests.LoginPageTest@1936f0f5]" name="liginTest" duration-ms="3038" started-at="2020-05-06T17:44:10Z" finished-at="2020-05-06T17:44:13Z">
          <reporter-output>
          </reporter-output>
        </test-method> <!-- liginTest -->
        <test-method status="PASS" signature="teardown()[pri:0, instance:com.hrm.qa.tests.LoginPageTest@1936f0f5]" name="teardown" is-config="true" duration-ms="1713" started-at="2020-05-06T17:44:13Z" finished-at="2020-05-06T17:44:15Z">
          <reporter-output>
          </reporter-output>
        </test-method> <!-- teardown -->
        <test-method status="PASS" signature="setup()[pri:0, instance:com.hrm.qa.tests.LoginPageTest@1936f0f5]" name="setup" is-config="true" duration-ms="9245" started-at="2020-05-06T17:44:15Z" finished-at="2020-05-06T17:44:24Z">
          <reporter-output>
          </reporter-output>
        </test-method> <!-- setup -->
        <test-method status="PASS" signature="validateLogoTest()[pri:0, instance:com.hrm.qa.tests.LoginPageTest@1936f0f5]" name="validateLogoTest" duration-ms="77" started-at="2020-05-06T17:44:24Z" finished-at="2020-05-06T17:44:24Z">
          <reporter-output>
          </reporter-output>
        </test-method> <!-- validateLogoTest -->
        <test-method status="PASS" signature="teardown()[pri:0, instance:com.hrm.qa.tests.LoginPageTest@1936f0f5]" name="teardown" is-config="true" duration-ms="578" started-at="2020-05-06T17:44:24Z" finished-at="2020-05-06T17:44:25Z">
          <reporter-output>
          </reporter-output>
        </test-method> <!-- teardown -->
        <test-method status="PASS" signature="setup()[pri:0, instance:com.hrm.qa.tests.LoginPageTest@1936f0f5]" name="setup" is-config="true" duration-ms="8629" started-at="2020-05-06T17:44:25Z" finished-at="2020-05-06T17:44:33Z">
          <reporter-output>
          </reporter-output>
        </test-method> <!-- setup -->
        <test-method status="PASS" signature="validateTittleTest()[pri:0, instance:com.hrm.qa.tests.LoginPageTest@1936f0f5]" name="validateTittleTest" duration-ms="7" started-at="2020-05-06T17:44:33Z" finished-at="2020-05-06T17:44:33Z">
          <reporter-output>
          </reporter-output>
        </test-method> <!-- validateTittleTest -->
        <test-method status="PASS" signature="teardown()[pri:0, instance:com.hrm.qa.tests.LoginPageTest@1936f0f5]" name="teardown" is-config="true" duration-ms="1307" started-at="2020-05-06T17:44:33Z" finished-at="2020-05-06T17:44:35Z">
          <reporter-output>
          </reporter-output>
        </test-method> <!-- teardown -->
        <test-method status="PASS" signature="setup()[pri:0, instance:com.hrm.qa.tests.LoginPageTest@1936f0f5]" name="setup" is-config="true" duration-ms="7696" started-at="2020-05-06T17:44:35Z" finished-at="2020-05-06T17:44:42Z">
          <reporter-output>
          </reporter-output>
        </test-method> <!-- setup -->
        <test-method status="PASS" signature="validatefooterLinkTest()[pri:0, instance:com.hrm.qa.tests.LoginPageTest@1936f0f5]" name="validatefooterLinkTest" duration-ms="45" started-at="2020-05-06T17:44:42Z" finished-at="2020-05-06T17:44:43Z">
          <reporter-output>
          </reporter-output>
        </test-method> <!-- validatefooterLinkTest -->
        <test-method status="PASS" signature="teardown()[pri:0, instance:com.hrm.qa.tests.LoginPageTest@1936f0f5]" name="teardown" is-config="true" duration-ms="567" started-at="2020-05-06T17:44:43Z" finished-at="2020-05-06T17:44:43Z">
          <reporter-output>
          </reporter-output>
        </test-method> <!-- teardown -->
      </class> <!-- com.hrm.qa.tests.LoginPageTest -->
    </test> <!-- Command line test -->
  </suite> <!-- Command line suite -->
</testng-results>
