<?xml version="1.0" encoding="UTF-8"?>
<testng-results skipped="0" failed="0" ignored="0" total="1" passed="1">
  <reporter-output>
  </reporter-output>
  <suite name="Default suite" duration-ms="20073" started-at="2020-05-06T17:38:18Z" finished-at="2020-05-06T17:38:38Z">
    <groups>
    </groups>
    <test name="Default test" duration-ms="20073" started-at="2020-05-06T17:38:18Z" finished-at="2020-05-06T17:38:38Z">
      <class name="com.hrm.qa.tests.pimAddEmpolyeeTest">
        <test-method status="PASS" signature="setup()[pri:0, instance:com.hrm.qa.tests.pimAddEmpolyeeTest@1bce4f0a]" name="setup" is-config="true" duration-ms="17210" started-at="2020-05-06T23:08:18Z" finished-at="2020-05-06T23:08:35Z">
          <reporter-output>
          </reporter-output>
        </test-method> <!-- setup -->
        <test-method status="PASS" signature="verifyAddEmployeeTest()[pri:0, instance:com.hrm.qa.tests.pimAddEmpolyeeTest@1bce4f0a]" name="verifyAddEmployeeTest" duration-ms="2152" started-at="2020-05-06T23:08:35Z" finished-at="2020-05-06T23:08:37Z">
          <reporter-output>
          </reporter-output>
        </test-method> <!-- verifyAddEmployeeTest -->
        <test-method status="PASS" signature="tearDown()[pri:0, instance:com.hrm.qa.tests.pimAddEmpolyeeTest@1bce4f0a]" name="tearDown" is-config="true" duration-ms="684" started-at="2020-05-06T23:08:37Z" finished-at="2020-05-06T23:08:38Z">
          <reporter-output>
          </reporter-output>
        </test-method> <!-- tearDown -->
      </class> <!-- com.hrm.qa.tests.pimAddEmpolyeeTest -->
    </test> <!-- Default test -->
  </suite> <!-- Default suite -->
</testng-results>
